<?xml version="1.0" encoding="UTF-8"?>
<!-- Generated by org.testng.reporters.JUnitXMLReporter -->
<testsuite ignored="0" hostname="Arumugam" failures="0" tests="1" name="Command line test" time="2.883" errors="0" timestamp="01 Apr 2020 17:05:54 GMT">
  <testcase classname="com.aru.training.jenkinsMvn.SampleSeleniumTest" name="@BeforeClass startBrowser" time="2.78">
    <failure type="org.openqa.selenium.SessionNotCreatedException" message="session not created: This version of ChromeDriver only supports Chrome version 81
Build info: version: &amp;apos;3.141.0&amp;apos;, revision: &amp;apos;2ecb7d9a&amp;apos;, time: &amp;apos;2018-10-31T20:09:30&amp;apos;
System info: host: &amp;apos;ARUMUGAM&amp;apos;, ip: &amp;apos;192.168.1.6&amp;apos;, os.name: &amp;apos;Windows 10&amp;apos;, os.arch: &amp;apos;amd64&amp;apos;, os.version: &amp;apos;10.0&amp;apos;, java.version: &amp;apos;12.0.1&amp;apos;
Driver info: driver.version: ChromeDriver
remote stacktrace: Backtrace:
	Ordinal0 [0x00CC5F73+2449267]
	Ordinal0 [0x00BF8361+1606497]
	Ordinal0 [0x00AEF969+522601]
	Ordinal0 [0x00A805F3+67059]
	Ordinal0 [0x00A7CD92+52626]
	Ordinal0 [0x00A9C127+180519]
	Ordinal0 [0x00A9BF2D+180013]
	Ordinal0 [0x00A99E5B+171611]
	Ordinal0 [0x00A81DD8+73176]
	Ordinal0 [0x00A82E50+77392]
	Ordinal0 [0x00A82DE9+77289]
	Ordinal0 [0x00C0D8D7+1693911]
	GetHandleVerifier [0x00D64036+522726]
	GetHandleVerifier [0x00D63D74+522020]
	GetHandleVerifier [0x00D79187+609079]
	GetHandleVerifier [0x00D648A6+524886]
	Ordinal0 [0x00C05CBC+1662140]
	Ordinal0 [0x00C0F23B+1700411]
	Ordinal0 [0x00C0F3A3+1700771]
	Ordinal0 [0x00C25215+1790485]
	BaseThreadInitThunk [0x76956359+25]
	RtlGetAppContainerNamedObjectPath [0x76ED7B74+228]
	RtlGetAppContainerNamedObjectPath [0x76ED7B44+180]
">
      <![CDATA[org.openqa.selenium.SessionNotCreatedException: session not created: This version of ChromeDriver only supports Chrome version 81
Build info: version: '3.141.0', revision: '2ecb7d9a', time: '2018-10-31T20:09:30'
System info: host: 'ARUMUGAM', ip: '192.168.1.6', os.name: 'Windows 10', os.arch: 'amd64', os.version: '10.0', java.version: '12.0.1'
Driver info: driver.version: ChromeDriver
remote stacktrace: Backtrace:
Ordinal0 [0x00CC5F73+2449267]
Ordinal0 [0x00BF8361+1606497]
Ordinal0 [0x00AEF969+522601]
Ordinal0 [0x00A805F3+67059]
Ordinal0 [0x00A7CD92+52626]
Ordinal0 [0x00A9C127+180519]
Ordinal0 [0x00A9BF2D+180013]
Ordinal0 [0x00A99E5B+171611]
Ordinal0 [0x00A81DD8+73176]
Ordinal0 [0x00A82E50+77392]
Ordinal0 [0x00A82DE9+77289]
Ordinal0 [0x00C0D8D7+1693911]
GetHandleVerifier [0x00D64036+522726]
GetHandleVerifier [0x00D63D74+522020]
GetHandleVerifier [0x00D79187+609079]
GetHandleVerifier [0x00D648A6+524886]
Ordinal0 [0x00C05CBC+1662140]
Ordinal0 [0x00C0F23B+1700411]
Ordinal0 [0x00C0F3A3+1700771]
Ordinal0 [0x00C25215+1790485]
BaseThreadInitThunk [0x76956359+25]
RtlGetAppContainerNamedObjectPath [0x76ED7B74+228]
RtlGetAppContainerNamedObjectPath [0x76ED7B44+180]

at org.openqa.selenium.remote.W3CHandshakeResponse.lambda$errorHandler$0(W3CHandshakeResponse.java:62)
at org.openqa.selenium.remote.HandshakeResponse.lambda$getResponseFunction$0(HandshakeResponse.java:30)
at org.openqa.selenium.remote.ProtocolHandshake.lambda$createSession$0(ProtocolHandshake.java:123)
at java.base/java.util.stream.ReferencePipeline$3$1.accept(ReferencePipeline.java:195)
at java.base/java.util.Spliterators$ArraySpliterator.tryAdvance(Spliterators.java:958)
at java.base/java.util.stream.ReferencePipeline.forEachWithCancel(ReferencePipeline.java:127)
at java.base/java.util.stream.AbstractPipeline.copyIntoWithCancel(AbstractPipeline.java:502)
at java.base/java.util.stream.AbstractPipeline.copyInto(AbstractPipeline.java:488)
at java.base/java.util.stream.AbstractPipeline.wrapAndCopyInto(AbstractPipeline.java:474)
at java.base/java.util.stream.FindOps$FindOp.evaluateSequential(FindOps.java:150)
at java.base/java.util.stream.AbstractPipeline.evaluate(AbstractPipeline.java:234)
at java.base/java.util.stream.ReferencePipeline.findFirst(ReferencePipeline.java:543)
at org.openqa.selenium.remote.ProtocolHandshake.createSession(ProtocolHandshake.java:125)
at org.openqa.selenium.remote.ProtocolHandshake.createSession(ProtocolHandshake.java:74)
at org.openqa.selenium.remote.HttpCommandExecutor.execute(HttpCommandExecutor.java:136)
at org.openqa.selenium.remote.service.DriverCommandExecutor.execute(DriverCommandExecutor.java:83)
at org.openqa.selenium.remote.RemoteWebDriver.execute(RemoteWebDriver.java:552)
at org.openqa.selenium.remote.RemoteWebDriver.startSession(RemoteWebDriver.java:213)
at org.openqa.selenium.remote.RemoteWebDriver.<init>(RemoteWebDriver.java:131)
at org.openqa.selenium.chrome.ChromeDriver.<init>(ChromeDriver.java:181)
at org.openqa.selenium.chrome.ChromeDriver.<init>(ChromeDriver.java:168)
at org.openqa.selenium.chrome.ChromeDriver.<init>(ChromeDriver.java:157)
at com.aru.training.jenkinsMvn.SampleSeleniumTest.startBrowser(SampleSeleniumTest.java:21)
... Removed 41 stack frames]]>
    </failure>
  </testcase> <!-- @BeforeClass startBrowser -->
  <testcase classname="com.aru.training.jenkinsMvn.SampleSeleniumTest" name="@AfterClass closeBrowser" time="0.0">
    <skipped/>
  </testcase> <!-- @AfterClass closeBrowser -->
  <testcase classname="com.aru.training.jenkinsMvn.SampleSeleniumTest" name="validateGoogleId" time="0.0">
    <skipped/>
  </testcase> <!-- validateGoogleId -->
</testsuite> <!-- Command line test -->
